app/build 9/intermediates/manifest_merge_blame_file/debug/manifest-merger-blame-debug-report.txt
1<?xml version="1.0" encoding="utf-8"?>
2<manifest xmlns:android="http://schemas.android.com/apk/res/android"
3    package="com.news.goodlife"
4    android:versionCode="1"
5    android:versionName="1.0" >
6
7    <uses-sdk
8        android:minSdkVersion="23"
8-->src/main/AndroidManifest.xml
9        android:targetSdkVersion="29" />
9-->src/main/AndroidManifest.xml
10
11    <uses-permission android:name="android.permission.VIBRATE" />
11-->src/main/AndroidManifest.xml:4:5-65
11-->src/main/AndroidManifest.xml:4:22-63
12    <uses-permission android:name="android.permission.READ_EXTERNAL_STORAGE" />
12-->src/main/AndroidManifest.xml:5:5-79
12-->src/main/AndroidManifest.xml:5:22-77
13    <uses-permission android:name="android.permission.WRITE_EXTERNAL_STORAGE" />
13-->src/main/AndroidManifest.xml:6:5-80
13-->src/main/AndroidManifest.xml:6:22-78
14    <uses-permission android:name="android.permission.CAMERA" />
14-->src/main/AndroidManifest.xml:7:5-64
14-->src/main/AndroidManifest.xml:7:22-62
15    <uses-permission android:name="android.permission.INTERNET" />
15-->src/main/AndroidManifest.xml:8:5-66
15-->src/main/AndroidManifest.xml:8:22-64
16
17    <application
17-->src/main/AndroidManifest.xml:9:5-27:19
18        android:allowBackup="true"
18-->src/main/AndroidManifest.xml:10:9-35
19        android:appComponentFactory="androidx.core.app.CoreComponentFactory"
19-->[androidx.core:core:1.3.1] AndroidManifest.xml:24:18-86
20        android:debuggable="true"
21        android:extractNativeLibs="false"
22        android:hardwareAccelerated="true"
22-->src/main/AndroidManifest.xml:16:9-43
23        android:icon="@mipmap/ic_launcher"
23-->src/main/AndroidManifest.xml:11:9-43
24        android:label="@string/app_name"
24-->src/main/AndroidManifest.xml:12:9-41
25        android:roundIcon="@mipmap/ic_launcher_round"
25-->src/main/AndroidManifest.xml:13:9-54
26        android:supportsRtl="true"
26-->src/main/AndroidManifest.xml:14:9-35
27        android:testOnly="true"
28        android:theme="@style/AppTheme"
28-->src/main/AndroidManifest.xml:15:9-40
29        android:windowSoftInputMode="adjustResize" >
29-->src/main/AndroidManifest.xml:17:9-51
30        <activity android:name="com.news.goodlife.StartActivity" >
30-->src/main/AndroidManifest.xml:18:9-24:20
30-->src/main/AndroidManifest.xml:18:19-48
31            <intent-filter>
31-->src/main/AndroidManifest.xml:19:13-23:29
32                <action android:name="android.intent.action.MAIN" />
32-->src/main/AndroidManifest.xml:20:17-69
32-->src/main/AndroidManifest.xml:20:25-66
33
34                <category android:name="android.intent.category.LAUNCHER" />
34-->src/main/AndroidManifest.xml:22:17-77
34-->src/main/AndroidManifest.xml:22:27-74
35            </intent-filter>
36        </activity>
37        <activity
37-->src/main/AndroidManifest.xml:25:9-26:58
38            android:name="com.theartofdev.edmodo.cropper.CropImageActivity"
38-->src/main/AndroidManifest.xml:25:19-82
39            android:theme="@style/Base.Theme.AppCompat" />
39-->src/main/AndroidManifest.xml:26:13-56
40
41        <provider
41-->[com.squareup.picasso:picasso:2.71828] AndroidManifest.xml:8:9-11:40
42            android:name="com.squareup.picasso.PicassoProvider"
42-->[com.squareup.picasso:picasso:2.71828] AndroidManifest.xml:9:13-64
43            android:authorities="com.news.goodlife.com.squareup.picasso"
43-->[com.squareup.picasso:picasso:2.71828] AndroidManifest.xml:10:13-72
44            android:exported="false" />
44-->[com.squareup.picasso:picasso:2.71828] AndroidManifest.xml:11:13-37
45
46        <activity
46-->[com.google.android.gms:play-services-base:17.0.0] AndroidManifest.xml:23:9-26:75
47            android:name="com.google.android.gms.common.api.GoogleApiActivity"
47-->[com.google.android.gms:play-services-base:17.0.0] AndroidManifest.xml:24:13-79
48            android:exported="false"
48-->[com.google.android.gms:play-services-base:17.0.0] AndroidManifest.xml:25:13-37
49            android:theme="@android:style/Theme.Translucent.NoTitleBar" />
49-->[com.google.android.gms:play-services-base:17.0.0] AndroidManifest.xml:26:13-72
50
51        <meta-data
51-->[com.google.android.gms:play-services-basement:17.0.0] AndroidManifest.xml:23:9-25:69
52            android:name="com.google.android.gms.version"
52-->[com.google.android.gms:play-services-basement:17.0.0] AndroidManifest.xml:24:13-58
53            android:value="@integer/google_play_services_version" />
53-->[com.google.android.gms:play-services-basement:17.0.0] AndroidManifest.xml:25:13-66
54    </application>
55
56</manifest>